INFO - Generating new fontManager, this may take some time...
INFO - 
--------- Loss ---------
INFO - Name : multiclass_nll
INFO - eta : 20
INFO - 
------ Regularizer -----
INFO - Name : LP
INFO - lambda : 1e-05
INFO - p : 3
INFO - 
------ Optimizer -----
INFO - Name : adam
INFO - lr : 0.0001
INFO - 
------ Initializer -----
INFO - Name : xavier
INFO - uniform : False
WARNING - DeprecationWarning: use_default_protocol will be removed in future. Please use corrupt_side argument instead.
INFO - Generating new fontManager, this may take some time...
INFO - 
--------- Loss ---------
INFO - Name : multiclass_nll
INFO - eta : 20
INFO - 
------ Regularizer -----
INFO - Name : LP
INFO - lambda : 1e-05
INFO - p : 3
INFO - 
------ Optimizer -----
INFO - Name : adam
INFO - lr : 0.0001
INFO - 
------ Initializer -----
INFO - Name : xavier
INFO - uniform : False
WARNING - DeprecationWarning: use_default_protocol will be removed in future. Please use corrupt_side argument instead.
